  Building Custom Rule C:/Users/malos/OneDrive/Documents/2A/INF443/inf443_practice_code/cgp/examples/example_compilation/CMakeLists.txt
  test_numarray.cpp
  test_numarray_stack.cpp
  basic_types.cpp
  error.cpp
  rand.cpp
  string.cpp
  test_grid.cpp
  test_grid_stack_2D.cpp
  image.cpp
  offset_grid.cpp
  files.cpp
  path.cpp
  interpolation.cpp
  mat_functions.cpp
  test_vec_mat.cpp
  mat2.cpp
  mat3.cpp
  mat4.cpp
  test_matrix_stack.cpp
  quaternion.cpp
  curve.cpp
  marching_cubes_lut.cpp
  marching_cube.cpp
  intersection.cpp
  obj.cpp
  mesh_primitive.cpp
  mesh.cpp
  noise.cpp
  spatial_domain_grid_3D.cpp
  affine.cpp
  affine_rt.cpp
  affine_rts.cpp
  frame.cpp
  projection.cpp
  rotation_transform.cpp
  test_rotation.cpp
  camera_controller_first_person.cpp
  camera_controller_first_person_euler.cpp
  camera_controller_generic_base.cpp
  camera_controller_orbit.cpp
  camera_controller_orbit_euler.cpp
  camera_first_person.cpp
  camera_first_person_euler.cpp
  camera_generic_base.cpp
  camera_orbit.cpp
  camera_orbit_euler.cpp
  common_functions.cpp
  camera_projection.cpp
  curve_drawable.cpp
  curve_drawable_dynamic_extend.cpp
  hierarchy_mesh_drawable.cpp
  material_mesh_drawable_phong.cpp
  mesh_drawable.cpp
  skybox_drawable.cpp
  trajectory_drawable.cpp
  triangles_drawable.cpp
  emscripten.cpp
  input_devices.cpp
  ebo.cpp
  opengl_buffer.cpp
  vbo.cpp
  debug.cpp
  cache_uniform_location.cpp
  shaders.cpp
  texture.cpp
  uniform.cpp
  picking_plane.cpp
  picking_spheres.cpp
  picking_structure.cpp
  timer_basic.cpp
  timer_event_periodic.cpp
  timer_fps.cpp
  timer_interval.cpp
  velocity_tracker.cpp
  window.cpp
  imgui_demo.cpp
  imgui_draw.cpp
  imgui_impl_glfw.cpp
  imgui_impl_opengl3.cpp
  imgui_widgets.cpp
  jpgd.cpp
  jpge.cpp
  lodepng.cpp
  simplexnoise1234.cpp
  main.cpp
  scene.cpp
  special_types.cpp
  special_types.cpp
  environment.cpp
  imgui.cpp
  glad.cpp
  glad.cpp
  imgui.cpp
  environment.cpp
  example_compilation.vcxproj -> C:\Users\malos\OneDrive\Documents\2A\INF443\inf443_practice_code\cgp\examples\example_compilation\example_compilation.exe
